<?xml version="1.0" encoding="UTF-8"?>
<testng-results ignored="0" total="1" passed="1" failed="0" skipped="0">
  <reporter-output>
  </reporter-output>
  <suite started-at="2025-03-19T19:08:32 IST" name="Default suite" finished-at="2025-03-19T19:09:33 IST" duration-ms="60778">
    <groups>
    </groups>
    <test started-at="2025-03-19T19:08:32 IST" name="Default test" finished-at="2025-03-19T19:09:33 IST" duration-ms="60778">
      <class name="Demo_03.NewTest">
        <test-method is-config="true" signature="beforeTest()[pri:0, instance:Demo_03.NewTest@4470f8a6]" started-at="2025-03-19T19:08:32 IST" name="beforeTest" finished-at="2025-03-19T19:08:45 IST" duration-ms="12984" status="PASS">
          <reporter-output>
          </reporter-output>
        </test-method> <!-- beforeTest -->
        <test-method signature="SportsMerchandise()[pri:0, instance:Demo_03.NewTest@4470f8a6]" started-at="2025-03-19T19:08:45 IST" name="SportsMerchandise" finished-at="2025-03-19T19:09:33 IST" duration-ms="47644" status="PASS">
          <reporter-output>
          </reporter-output>
        </test-method> <!-- SportsMerchandise -->
        <test-method is-config="true" signature="afterTest()[pri:0, instance:Demo_03.NewTest@4470f8a6]" started-at="2025-03-19T19:09:33 IST" name="afterTest" finished-at="2025-03-19T19:09:33 IST" duration-ms="1" status="PASS">
          <reporter-output>
          </reporter-output>
        </test-method> <!-- afterTest -->
      </class> <!-- Demo_03.NewTest -->
    </test> <!-- Default test -->
  </suite> <!-- Default suite -->
</testng-results>
