<?xml version="1.0" encoding="UTF-8"?>
<testng-results ignored="0" total="1" passed="1" failed="0" skipped="0">
  <reporter-output>
  </reporter-output>
  <suite started-at="2025-03-19T17:59:02 IST" name="Default suite" finished-at="2025-03-19T17:59:18 IST" duration-ms="15827">
    <groups>
    </groups>
    <test started-at="2025-03-19T17:59:02 IST" name="Default test" finished-at="2025-03-19T17:59:18 IST" duration-ms="15827">
      <class name="NewTest_09">
        <test-method is-config="true" signature="beforeTest()[pri:0, instance:NewTest_09@14cd1699]" started-at="2025-03-19T17:59:02 IST" name="beforeTest" finished-at="2025-03-19T17:59:13 IST" duration-ms="10869" status="PASS">
          <reporter-output>
          </reporter-output>
        </test-method> <!-- beforeTest -->
        <test-method signature="playerandteamstrategy()[pri:0, instance:NewTest_09@14cd1699]" started-at="2025-03-19T17:59:13 IST" name="playerandteamstrategy" finished-at="2025-03-19T17:59:18 IST" duration-ms="4855" status="PASS">
          <reporter-output>
          </reporter-output>
        </test-method> <!-- playerandteamstrategy -->
        <test-method is-config="true" signature="afterTest()[pri:0, instance:NewTest_09@14cd1699]" started-at="2025-03-19T17:59:18 IST" name="afterTest" finished-at="2025-03-19T17:59:18 IST" duration-ms="1" status="PASS">
          <reporter-output>
          </reporter-output>
        </test-method> <!-- afterTest -->
      </class> <!-- NewTest_09 -->
    </test> <!-- Default test -->
  </suite> <!-- Default suite -->
</testng-results>
