<?xml version="1.0" encoding="UTF-8"?>
<!-- Generated by org.testng.reporters.JUnitXMLReporter -->
<testsuite ignored="0" hostname="hdc4-l-f538tpg" failures="0" tests="5" name="Default test" time="1.007" errors="0" timestamp="2025-03-19T11:36:31 IST">
  <testcase classname="Demo_02.ExetendReport_01" name="extentrep" time="0.919"/>
  <testcase classname="Demo_02.ExetendReport_01" name="testPredictionTime" time="0.002"/>
  <testcase classname="Demo_02.ExetendReport_01" name="testPlayerSelection" time="0.004"/>
  <testcase classname="Demo_02.ExetendReport_01" name="testSportsMerchandise" time="0.001"/>
  <testcase classname="Demo_02.ExetendReport_01" name="testFantasySports" time="0.001"/>
</testsuite> <!-- Default test -->
