<?xml version="1.0" encoding="UTF-8"?>
<testng-results ignored="0" total="5" passed="5" failed="0" skipped="0">
  <reporter-output>
  </reporter-output>
  <suite started-at="2025-03-19T11:36:29 IST" name="Default suite" finished-at="2025-03-19T11:36:30 IST" duration-ms="1007">
    <groups>
      <group name="sanity">
        <method signature="ExetendReport_01.testFantasySports()[pri:3, instance:Demo_02.ExetendReport_01@2f9f7dcf]" name="testFantasySports" class="Demo_02.ExetendReport_01"/>
        <method signature="ExetendReport_01.testPlayerSelection()[pri:1, instance:Demo_02.ExetendReport_01@2f9f7dcf]" name="testPlayerSelection" class="Demo_02.ExetendReport_01"/>
        <method signature="ExetendReport_01.testPredictionTime()[pri:0, instance:Demo_02.ExetendReport_01@2f9f7dcf]" name="testPredictionTime" class="Demo_02.ExetendReport_01"/>
        <method signature="ExetendReport_01.testSportsMerchandise()[pri:2, instance:Demo_02.ExetendReport_01@2f9f7dcf]" name="testSportsMerchandise" class="Demo_02.ExetendReport_01"/>
      </group> <!-- sanity -->
    </groups>
    <test started-at="2025-03-19T11:36:29 IST" name="Default test" finished-at="2025-03-19T11:36:30 IST" duration-ms="1007">
      <class name="Demo_02.ExetendReport_01">
        <test-method signature="extentrep()[pri:0, instance:Demo_02.ExetendReport_01@2f9f7dcf]" started-at="2025-03-19T11:36:30 IST" name="extentrep" finished-at="2025-03-19T11:36:30 IST" duration-ms="919" status="PASS">
          <reporter-output>
          </reporter-output>
        </test-method> <!-- extentrep -->
        <test-method signature="testPredictionTime()[pri:0, instance:Demo_02.ExetendReport_01@2f9f7dcf]" started-at="2025-03-19T11:36:30 IST" name="testPredictionTime" finished-at="2025-03-19T11:36:30 IST" duration-ms="2" status="PASS">
          <reporter-output>
          </reporter-output>
        </test-method> <!-- testPredictionTime -->
        <test-method signature="testPlayerSelection()[pri:1, instance:Demo_02.ExetendReport_01@2f9f7dcf]" started-at="2025-03-19T11:36:30 IST" name="testPlayerSelection" finished-at="2025-03-19T11:36:30 IST" duration-ms="4" status="PASS">
          <reporter-output>
          </reporter-output>
        </test-method> <!-- testPlayerSelection -->
        <test-method signature="testSportsMerchandise()[pri:2, instance:Demo_02.ExetendReport_01@2f9f7dcf]" started-at="2025-03-19T11:36:30 IST" name="testSportsMerchandise" finished-at="2025-03-19T11:36:30 IST" duration-ms="1" status="PASS">
          <reporter-output>
          </reporter-output>
        </test-method> <!-- testSportsMerchandise -->
        <test-method signature="testFantasySports()[pri:3, instance:Demo_02.ExetendReport_01@2f9f7dcf]" started-at="2025-03-19T11:36:30 IST" name="testFantasySports" finished-at="2025-03-19T11:36:30 IST" duration-ms="1" status="PASS">
          <reporter-output>
          </reporter-output>
        </test-method> <!-- testFantasySports -->
      </class> <!-- Demo_02.ExetendReport_01 -->
    </test> <!-- Default test -->
  </suite> <!-- Default suite -->
</testng-results>
